<?xml version="1.0" encoding="UTF-8"?>
<!-- Generated by org.testng.reporters.JUnitReportReporter -->
<testsuite skipped="6" hostname="DESKTOP-IA0DLJF" name="com.pulse.Test.ValidLogin3" tests="6" failures="0" timestamp="23 Jan 2019 12:59:26 GMT" time="0.000" errors="0">
  <testcase name="testGooglePageTitleInFirefox3" time="0.000" classname="com.pulse.Test.ValidLogin3">
    <skipped/>
  </testcase> <!-- testGooglePageTitleInFirefox3 -->
  <testcase name="testGooglePageTitleInFirefox1" time="0.000" classname="com.pulse.Test.ValidLogin3">
    <skipped/>
  </testcase> <!-- testGooglePageTitleInFirefox1 -->
  <testcase name="testGooglePageTitleInFirefox2" time="0.000" classname="com.pulse.Test.ValidLogin3">
    <skipped/>
  </testcase> <!-- testGooglePageTitleInFirefox2 -->
  <testcase name="testSearchGoogle1" time="0.000" classname="com.pulse.Test.ValidLogin3">
    <skipped/>
  </testcase> <!-- testSearchGoogle1 -->
  <testcase name="testGooglePageTitleInFirefox" time="0.000" classname="com.pulse.Test.ValidLogin3">
    <skipped/>
  </testcase> <!-- testGooglePageTitleInFirefox -->
  <testcase name="testSearchGoogle" time="0.000" classname="com.pulse.Test.ValidLogin3">
    <skipped/>
  </testcase> <!-- testSearchGoogle -->
</testsuite> <!-- com.pulse.Test.ValidLogin3 -->
